Copyright 1986-2022 Xilinx, Inc. All Rights Reserved.
-----------------------------------------------------------------------------------------------
| Tool Version : Vivado v.2022.1 (lin64) Build 3526262 Mon Apr 18 15:47:01 MDT 2022
| Date         : Thu Nov 24 11:08:38 2022
| Host         : rodrigo-MacBookAir running 64-bit Ubuntu 22.04.1 LTS
| Command      : report_utilization -hierarchical -file top_utilization_hierarchical_synth.rpt
| Design       : top
| Device       : xc7a100tcsg324-1
| Speed File   : -1
| Design State : Synthesized
-----------------------------------------------------------------------------------------------

Utilization Design Information

Table of Contents
-----------------
1. Utilization by Hierarchy

1. Utilization by Hierarchy
---------------------------

+----------------------------+------------------+------------+------------+---------+------+------+--------+--------+------------+
|          Instance          |      Module      | Total LUTs | Logic LUTs | LUTRAMs | SRLs |  FFs | RAMB36 | RAMB18 | DSP Blocks |
+----------------------------+------------------+------------+------------+---------+------+------+--------+--------+------------+
| top                        |            (top) |       2820 |       2804 |      16 |    0 | 2292 |     18 |      8 |          4 |
|   (top)                    |            (top) |        469 |        453 |      16 |    0 |  952 |     17 |      0 |          0 |
|   GPIOv                    |            GPIOv |          1 |          1 |       0 |    0 |   26 |      0 |      0 |          0 |
|   Nivel_agua               |       Nivel_agua |          0 |          0 |       0 |    0 |    2 |      0 |      0 |          0 |
|   VexRiscv                 |         VexRiscv |       2300 |       2300 |       0 |    0 | 1256 |      1 |      8 |          4 |
|     (VexRiscv)             |         VexRiscv |        850 |        850 |       0 |    0 | 1080 |      0 |      2 |          4 |
|     IBusCachedPlugin_cache | InstructionCache |        881 |        881 |       0 |    0 |  111 |      1 |      1 |          0 |
|     dataCache_1            |        DataCache |        569 |        569 |       0 |    0 |   65 |      0 |      5 |          0 |
|   servo_p                  |          servo_p |         28 |         28 |       0 |    0 |   22 |      0 |      0 |          0 |
|   temperatura              |      temperatura |         22 |         22 |       0 |    0 |   34 |      0 |      0 |          0 |
+----------------------------+------------------+------------+------------+---------+------+------+--------+--------+------------+


